<?xml version="1.0" encoding="UTF-8"?>
<testsuite name="test1"
           tests="4"
           failures="0"
           errors="0"
           skipped="0"
           time="0.001">
  <properties />
  
  
            <testcase name="testMethod1" time="0.000" classname="com.pragmatic.selenium.testng.TestngExample2" />
                <testcase name="testMethod4" time="0.001" classname="com.pragmatic.selenium.testng.TestngExample2" />
                <testcase name="testMethod3" time="0.000" classname="com.pragmatic.selenium.testng.TestngExample2" />
                <testcase name="testMethod5" time="0.000" classname="com.pragmatic.selenium.testng.TestngExample2" />
      
</testsuite>
